{"C:\\Users\\savch_000\\Desktop\\JS\\NodeJS-2021-Q4\\NodeJS-2021-Q4\\ciphering-cli-tool\\src\\alphabets.js": {"path":"C:\\Users\\savch_000\\Desktop\\JS\\NodeJS-2021-Q4\\NodeJS-2021-Q4\\ciphering-cli-tool\\src\\alphabets.js","statementMap":{"0":{"start":{"line":1,"column":25},"end":{"line":54,"column":1}},"1":{"start":{"line":56,"column":23},"end":{"line":109,"column":1}},"2":{"start":{"line":111,"column":25},"end":{"line":164,"column":1}}},"fnMap":{},"branchMap":{},"s":{"0":1,"1":1,"2":1},"f":{},"b":{},"_coverageSchema":"1a1c01bbd47fc00a2c39e90264f33305004495a9","hash":"28fcecc3ceac8fe2720e854ea9448404f14acb50"}
,"C:\\Users\\savch_000\\Desktop\\JS\\NodeJS-2021-Q4\\NodeJS-2021-Q4\\ciphering-cli-tool\\src\\ciphering.js": {"path":"C:\\Users\\savch_000\\Desktop\\JS\\NodeJS-2021-Q4\\NodeJS-2021-Q4\\ciphering-cli-tool\\src\\ciphering.js","statementMap":{"0":{"start":{"line":3,"column":28},"end":{"line":5,"column":1}},"1":{"start":{"line":4,"column":2},"end":{"line":4,"column":33}},"2":{"start":{"line":7,"column":28},"end":{"line":9,"column":1}},"3":{"start":{"line":8,"column":2},"end":{"line":8,"column":33}},"4":{"start":{"line":11,"column":28},"end":{"line":13,"column":1}},"5":{"start":{"line":12,"column":2},"end":{"line":12,"column":33}},"6":{"start":{"line":15,"column":26},"end":{"line":17,"column":1}},"7":{"start":{"line":16,"column":2},"end":{"line":16,"column":31}},"8":{"start":{"line":19,"column":26},"end":{"line":21,"column":1}},"9":{"start":{"line":20,"column":2},"end":{"line":20,"column":31}},"10":{"start":{"line":23,"column":15},"end":{"line":29,"column":1}},"11":{"start":{"line":24,"column":14},"end":{"line":24,"column":16}},"12":{"start":{"line":25,"column":2},"end":{"line":27,"column":5}},"13":{"start":{"line":26,"column":4},"end":{"line":26,"column":57}},"14":{"start":{"line":28,"column":2},"end":{"line":28,"column":22}},"15":{"start":{"line":31,"column":15},"end":{"line":41,"column":1}},"16":{"start":{"line":32,"column":14},"end":{"line":32,"column":16}},"17":{"start":{"line":33,"column":2},"end":{"line":39,"column":6}},"18":{"start":{"line":36,"column":6},"end":{"line":38,"column":22}},"19":{"start":{"line":37,"column":55},"end":{"line":37,"column":75}},"20":{"start":{"line":40,"column":2},"end":{"line":40,"column":22}}},"fnMap":{"0":{"name":"(anonymous_0)","decl":{"start":{"line":3,"column":28},"end":{"line":3,"column":29}},"loc":{"start":{"line":3,"column":38},"end":{"line":5,"column":1}},"line":3},"1":{"name":"(anonymous_1)","decl":{"start":{"line":7,"column":28},"end":{"line":7,"column":29}},"loc":{"start":{"line":7,"column":38},"end":{"line":9,"column":1}},"line":7},"2":{"name":"(anonymous_2)","decl":{"start":{"line":11,"column":28},"end":{"line":11,"column":29}},"loc":{"start":{"line":11,"column":38},"end":{"line":13,"column":1}},"line":11},"3":{"name":"(anonymous_3)","decl":{"start":{"line":15,"column":26},"end":{"line":15,"column":27}},"loc":{"start":{"line":15,"column":36},"end":{"line":17,"column":1}},"line":15},"4":{"name":"(anonymous_4)","decl":{"start":{"line":19,"column":26},"end":{"line":19,"column":27}},"loc":{"start":{"line":19,"column":36},"end":{"line":21,"column":1}},"line":19},"5":{"name":"(anonymous_5)","decl":{"start":{"line":23,"column":15},"end":{"line":23,"column":16}},"loc":{"start":{"line":23,"column":35},"end":{"line":29,"column":1}},"line":23},"6":{"name":"(anonymous_6)","decl":{"start":{"line":25,"column":25},"end":{"line":25,"column":26}},"loc":{"start":{"line":25,"column":33},"end":{"line":27,"column":3}},"line":25},"7":{"name":"(anonymous_7)","decl":{"start":{"line":31,"column":15},"end":{"line":31,"column":16}},"loc":{"start":{"line":31,"column":35},"end":{"line":41,"column":1}},"line":31},"8":{"name":"(anonymous_8)","decl":{"start":{"line":35,"column":13},"end":{"line":35,"column":14}},"loc":{"start":{"line":36,"column":6},"end":{"line":38,"column":22}},"line":36},"9":{"name":"(anonymous_9)","decl":{"start":{"line":37,"column":46},"end":{"line":37,"column":47}},"loc":{"start":{"line":37,"column":55},"end":{"line":37,"column":75}},"line":37}},"branchMap":{"0":{"loc":{"start":{"line":26,"column":4},"end":{"line":26,"column":56}},"type":"cond-expr","locations":[{"start":{"line":26,"column":19},"end":{"line":26,"column":41}},{"start":{"line":26,"column":44},"end":{"line":26,"column":56}}],"line":26},"1":{"loc":{"start":{"line":36,"column":6},"end":{"line":38,"column":22}},"type":"cond-expr","locations":[{"start":{"line":37,"column":10},"end":{"line":37,"column":77}},{"start":{"line":38,"column":10},"end":{"line":38,"column":22}}],"line":36}},"s":{"0":1,"1":2,"2":1,"3":2,"4":1,"5":2,"6":1,"7":2,"8":1,"9":2,"10":1,"11":6,"12":6,"13":495,"14":6,"15":1,"16":4,"17":4,"18":330,"19":2756,"20":4},"f":{"0":2,"1":2,"2":2,"3":2,"4":2,"5":6,"6":495,"7":4,"8":330,"9":2756},"b":{"0":[156,339],"1":[104,226]},"_coverageSchema":"1a1c01bbd47fc00a2c39e90264f33305004495a9","hash":"260333889a6609c36af0a45a865294f97164f907"}
,"C:\\Users\\savch_000\\Desktop\\JS\\NodeJS-2021-Q4\\NodeJS-2021-Q4\\ciphering-cli-tool\\src\\custom-streams.js": {"path":"C:\\Users\\savch_000\\Desktop\\JS\\NodeJS-2021-Q4\\NodeJS-2021-Q4\\ciphering-cli-tool\\src\\custom-streams.js","statementMap":{"0":{"start":{"line":6,"column":4},"end":{"line":6,"column":12}},"1":{"start":{"line":7,"column":4},"end":{"line":7,"column":29}},"2":{"start":{"line":8,"column":4},"end":{"line":8,"column":19}},"3":{"start":{"line":11,"column":4},"end":{"line":18,"column":7}},"4":{"start":{"line":12,"column":6},"end":{"line":17,"column":7}},"5":{"start":{"line":13,"column":8},"end":{"line":13,"column":22}},"6":{"start":{"line":15,"column":8},"end":{"line":15,"column":21}},"7":{"start":{"line":16,"column":8},"end":{"line":16,"column":19}},"8":{"start":{"line":21,"column":16},"end":{"line":21,"column":31}},"9":{"start":{"line":22,"column":4},"end":{"line":28,"column":7}},"10":{"start":{"line":23,"column":6},"end":{"line":27,"column":7}},"11":{"start":{"line":24,"column":8},"end":{"line":24,"column":26}},"12":{"start":{"line":26,"column":8},"end":{"line":26,"column":66}},"13":{"start":{"line":31,"column":4},"end":{"line":35,"column":5}},"14":{"start":{"line":32,"column":6},"end":{"line":32,"column":53}},"15":{"start":{"line":32,"column":32},"end":{"line":32,"column":51}},"16":{"start":{"line":34,"column":6},"end":{"line":34,"column":20}},"17":{"start":{"line":41,"column":4},"end":{"line":41,"column":12}},"18":{"start":{"line":42,"column":4},"end":{"line":42,"column":29}},"19":{"start":{"line":43,"column":4},"end":{"line":43,"column":16}},"20":{"start":{"line":47,"column":4},"end":{"line":54,"column":7}},"21":{"start":{"line":48,"column":6},"end":{"line":53,"column":7}},"22":{"start":{"line":49,"column":8},"end":{"line":49,"column":22}},"23":{"start":{"line":51,"column":8},"end":{"line":51,"column":21}},"24":{"start":{"line":52,"column":8},"end":{"line":52,"column":19}},"25":{"start":{"line":58,"column":4},"end":{"line":58,"column":39}},"26":{"start":{"line":62,"column":4},"end":{"line":66,"column":5}},"27":{"start":{"line":63,"column":6},"end":{"line":63,"column":53}},"28":{"start":{"line":63,"column":32},"end":{"line":63,"column":51}},"29":{"start":{"line":65,"column":6},"end":{"line":65,"column":20}}},"fnMap":{"0":{"name":"(anonymous_0)","decl":{"start":{"line":5,"column":2},"end":{"line":5,"column":3}},"loc":{"start":{"line":5,"column":24},"end":{"line":9,"column":3}},"line":5},"1":{"name":"(anonymous_1)","decl":{"start":{"line":10,"column":2},"end":{"line":10,"column":3}},"loc":{"start":{"line":10,"column":23},"end":{"line":19,"column":3}},"line":10},"2":{"name":"(anonymous_2)","decl":{"start":{"line":11,"column":27},"end":{"line":11,"column":28}},"loc":{"start":{"line":11,"column":40},"end":{"line":18,"column":5}},"line":11},"3":{"name":"(anonymous_3)","decl":{"start":{"line":20,"column":2},"end":{"line":20,"column":3}},"loc":{"start":{"line":20,"column":11},"end":{"line":29,"column":3}},"line":20},"4":{"name":"(anonymous_4)","decl":{"start":{"line":22,"column":38},"end":{"line":22,"column":39}},"loc":{"start":{"line":22,"column":58},"end":{"line":28,"column":5}},"line":22},"5":{"name":"(anonymous_5)","decl":{"start":{"line":30,"column":2},"end":{"line":30,"column":3}},"loc":{"start":{"line":30,"column":26},"end":{"line":36,"column":3}},"line":30},"6":{"name":"(anonymous_6)","decl":{"start":{"line":32,"column":24},"end":{"line":32,"column":25}},"loc":{"start":{"line":32,"column":32},"end":{"line":32,"column":51}},"line":32},"7":{"name":"(anonymous_7)","decl":{"start":{"line":40,"column":2},"end":{"line":40,"column":3}},"loc":{"start":{"line":40,"column":24},"end":{"line":44,"column":3}},"line":40},"8":{"name":"(anonymous_8)","decl":{"start":{"line":46,"column":2},"end":{"line":46,"column":3}},"loc":{"start":{"line":46,"column":23},"end":{"line":55,"column":3}},"line":46},"9":{"name":"(anonymous_9)","decl":{"start":{"line":47,"column":32},"end":{"line":47,"column":33}},"loc":{"start":{"line":47,"column":45},"end":{"line":54,"column":5}},"line":47},"10":{"name":"(anonymous_10)","decl":{"start":{"line":57,"column":2},"end":{"line":57,"column":3}},"loc":{"start":{"line":57,"column":36},"end":{"line":59,"column":3}},"line":57},"11":{"name":"(anonymous_11)","decl":{"start":{"line":61,"column":2},"end":{"line":61,"column":3}},"loc":{"start":{"line":61,"column":26},"end":{"line":67,"column":3}},"line":61},"12":{"name":"(anonymous_12)","decl":{"start":{"line":63,"column":24},"end":{"line":63,"column":25}},"loc":{"start":{"line":63,"column":32},"end":{"line":63,"column":51}},"line":63}},"branchMap":{"0":{"loc":{"start":{"line":12,"column":6},"end":{"line":17,"column":7}},"type":"if","locations":[{"start":{"line":12,"column":6},"end":{"line":17,"column":7}},{"start":{"line":14,"column":13},"end":{"line":17,"column":7}}],"line":12},"1":{"loc":{"start":{"line":23,"column":6},"end":{"line":27,"column":7}},"type":"if","locations":[{"start":{"line":23,"column":6},"end":{"line":27,"column":7}},{"start":{"line":25,"column":13},"end":{"line":27,"column":7}}],"line":23},"2":{"loc":{"start":{"line":26,"column":18},"end":{"line":26,"column":64}},"type":"cond-expr","locations":[{"start":{"line":26,"column":34},"end":{"line":26,"column":57}},{"start":{"line":26,"column":60},"end":{"line":26,"column":64}}],"line":26},"3":{"loc":{"start":{"line":31,"column":4},"end":{"line":35,"column":5}},"type":"if","locations":[{"start":{"line":31,"column":4},"end":{"line":35,"column":5}},{"start":{"line":33,"column":11},"end":{"line":35,"column":5}}],"line":31},"4":{"loc":{"start":{"line":32,"column":41},"end":{"line":32,"column":50}},"type":"binary-expr","locations":[{"start":{"line":32,"column":41},"end":{"line":32,"column":43}},{"start":{"line":32,"column":47},"end":{"line":32,"column":50}}],"line":32},"5":{"loc":{"start":{"line":48,"column":6},"end":{"line":53,"column":7}},"type":"if","locations":[{"start":{"line":48,"column":6},"end":{"line":53,"column":7}},{"start":{"line":50,"column":13},"end":{"line":53,"column":7}}],"line":48},"6":{"loc":{"start":{"line":62,"column":4},"end":{"line":66,"column":5}},"type":"if","locations":[{"start":{"line":62,"column":4},"end":{"line":66,"column":5}},{"start":{"line":64,"column":11},"end":{"line":66,"column":5}}],"line":62},"7":{"loc":{"start":{"line":63,"column":41},"end":{"line":63,"column":50}},"type":"binary-expr","locations":[{"start":{"line":63,"column":41},"end":{"line":63,"column":43}},{"start":{"line":63,"column":47},"end":{"line":63,"column":50}}],"line":63}},"s":{"0":0,"1":0,"2":0,"3":0,"4":0,"5":0,"6":0,"7":0,"8":0,"9":0,"10":0,"11":0,"12":0,"13":0,"14":0,"15":0,"16":0,"17":0,"18":0,"19":0,"20":0,"21":0,"22":0,"23":0,"24":0,"25":0,"26":0,"27":0,"28":0,"29":0},"f":{"0":0,"1":0,"2":0,"3":0,"4":0,"5":0,"6":0,"7":0,"8":0,"9":0,"10":0,"11":0,"12":0},"b":{"0":[0,0],"1":[0,0],"2":[0,0],"3":[0,0],"4":[0,0],"5":[0,0],"6":[0,0],"7":[0,0]},"_coverageSchema":"1a1c01bbd47fc00a2c39e90264f33305004495a9","hash":"8b3c92d271b659fa8b1e3ac95b40127bbbeaaa63"}
,"C:\\Users\\savch_000\\Desktop\\JS\\NodeJS-2021-Q4\\NodeJS-2021-Q4\\ciphering-cli-tool\\src\\parser.js": {"path":"C:\\Users\\savch_000\\Desktop\\JS\\NodeJS-2021-Q4\\NodeJS-2021-Q4\\ciphering-cli-tool\\src\\parser.js","statementMap":{"0":{"start":{"line":3,"column":20},"end":{"line":3,"column":22}},"1":{"start":{"line":5,"column":24},"end":{"line":9,"column":1}},"2":{"start":{"line":7,"column":4},"end":{"line":7,"column":74}},"3":{"start":{"line":8,"column":2},"end":{"line":8,"column":55}},"4":{"start":{"line":11,"column":0},"end":{"line":11,"column":47}},"5":{"start":{"line":12,"column":0},"end":{"line":12,"column":45}},"6":{"start":{"line":13,"column":0},"end":{"line":13,"column":47}}},"fnMap":{"0":{"name":"(anonymous_0)","decl":{"start":{"line":5,"column":24},"end":{"line":5,"column":25}},"loc":{"start":{"line":5,"column":48},"end":{"line":9,"column":1}},"line":5}},"branchMap":{"0":{"loc":{"start":{"line":7,"column":4},"end":{"line":7,"column":74}},"type":"cond-expr","locations":[{"start":{"line":7,"column":33},"end":{"line":7,"column":52}},{"start":{"line":7,"column":55},"end":{"line":7,"column":74}}],"line":7},"1":{"loc":{"start":{"line":8,"column":9},"end":{"line":8,"column":54}},"type":"cond-expr","locations":[{"start":{"line":8,"column":28},"end":{"line":8,"column":47}},{"start":{"line":8,"column":50},"end":{"line":8,"column":54}}],"line":8}},"s":{"0":1,"1":1,"2":6,"3":6,"4":1,"5":1,"6":1},"f":{"0":6},"b":{"0":[3,3],"1":[3,3]},"_coverageSchema":"1a1c01bbd47fc00a2c39e90264f33305004495a9","hash":"b64d94d4da2bbd62bc01cbb2df5e46b93dc53cbb"}
,"C:\\Users\\savch_000\\Desktop\\JS\\NodeJS-2021-Q4\\NodeJS-2021-Q4\\ciphering-cli-tool\\src\\streams.js": {"path":"C:\\Users\\savch_000\\Desktop\\JS\\NodeJS-2021-Q4\\NodeJS-2021-Q4\\ciphering-cli-tool\\src\\streams.js","statementMap":{"0":{"start":{"line":12,"column":21},"end":{"line":12,"column":23}},"1":{"start":{"line":14,"column":2},"end":{"line":14,"column":72}},"2":{"start":{"line":16,"column":2},"end":{"line":16,"column":76}},"3":{"start":{"line":18,"column":37},"end":{"line":27,"column":4}},"4":{"start":{"line":19,"column":2},"end":{"line":27,"column":4}},"5":{"start":{"line":22,"column":8},"end":{"line":24,"column":49}},"6":{"start":{"line":25,"column":6},"end":{"line":25,"column":41}},"7":{"start":{"line":29,"column":28},"end":{"line":38,"column":4}},"8":{"start":{"line":30,"column":2},"end":{"line":38,"column":4}},"9":{"start":{"line":33,"column":8},"end":{"line":35,"column":47}},"10":{"start":{"line":36,"column":6},"end":{"line":36,"column":41}},"11":{"start":{"line":40,"column":30},"end":{"line":46,"column":4}},"12":{"start":{"line":41,"column":2},"end":{"line":46,"column":4}},"13":{"start":{"line":43,"column":26},"end":{"line":43,"column":63}},"14":{"start":{"line":44,"column":6},"end":{"line":44,"column":41}},"15":{"start":{"line":48,"column":30},"end":{"line":71,"column":1}},"16":{"start":{"line":49,"column":18},"end":{"line":49,"column":40}},"17":{"start":{"line":50,"column":2},"end":{"line":70,"column":5}},"18":{"start":{"line":51,"column":4},"end":{"line":69,"column":5}},"19":{"start":{"line":53,"column":8},"end":{"line":53,"column":52}},"20":{"start":{"line":54,"column":8},"end":{"line":54,"column":14}},"21":{"start":{"line":56,"column":8},"end":{"line":56,"column":52}},"22":{"start":{"line":57,"column":8},"end":{"line":57,"column":14}},"23":{"start":{"line":59,"column":8},"end":{"line":59,"column":50}},"24":{"start":{"line":60,"column":8},"end":{"line":60,"column":14}},"25":{"start":{"line":62,"column":8},"end":{"line":62,"column":50}},"26":{"start":{"line":63,"column":8},"end":{"line":63,"column":14}},"27":{"start":{"line":65,"column":8},"end":{"line":65,"column":51}},"28":{"start":{"line":66,"column":8},"end":{"line":66,"column":14}},"29":{"start":{"line":68,"column":8},"end":{"line":68,"column":14}},"30":{"start":{"line":73,"column":18},"end":{"line":83,"column":1}},"31":{"start":{"line":74,"column":2},"end":{"line":82,"column":3}},"32":{"start":{"line":75,"column":4},"end":{"line":78,"column":6}},"33":{"start":{"line":79,"column":4},"end":{"line":79,"column":20}},"34":{"start":{"line":81,"column":4},"end":{"line":81,"column":39}},"35":{"start":{"line":85,"column":22},"end":{"line":87,"column":1}},"36":{"start":{"line":86,"column":2},"end":{"line":86,"column":64}}},"fnMap":{"0":{"name":"(anonymous_0)","decl":{"start":{"line":18,"column":37},"end":{"line":18,"column":38}},"loc":{"start":{"line":19,"column":2},"end":{"line":27,"column":4}},"line":19},"1":{"name":"(anonymous_1)","decl":{"start":{"line":20,"column":4},"end":{"line":20,"column":5}},"loc":{"start":{"line":20,"column":41},"end":{"line":26,"column":5}},"line":20},"2":{"name":"(anonymous_2)","decl":{"start":{"line":29,"column":28},"end":{"line":29,"column":29}},"loc":{"start":{"line":30,"column":2},"end":{"line":38,"column":4}},"line":30},"3":{"name":"(anonymous_3)","decl":{"start":{"line":31,"column":4},"end":{"line":31,"column":5}},"loc":{"start":{"line":31,"column":41},"end":{"line":37,"column":5}},"line":31},"4":{"name":"(anonymous_4)","decl":{"start":{"line":40,"column":30},"end":{"line":40,"column":31}},"loc":{"start":{"line":41,"column":2},"end":{"line":46,"column":4}},"line":41},"5":{"name":"(anonymous_5)","decl":{"start":{"line":42,"column":4},"end":{"line":42,"column":5}},"loc":{"start":{"line":42,"column":41},"end":{"line":45,"column":5}},"line":42},"6":{"name":"(anonymous_6)","decl":{"start":{"line":48,"column":30},"end":{"line":48,"column":31}},"loc":{"start":{"line":48,"column":40},"end":{"line":71,"column":1}},"line":48},"7":{"name":"(anonymous_7)","decl":{"start":{"line":50,"column":18},"end":{"line":50,"column":19}},"loc":{"start":{"line":50,"column":28},"end":{"line":70,"column":3}},"line":50},"8":{"name":"(anonymous_8)","decl":{"start":{"line":73,"column":18},"end":{"line":73,"column":19}},"loc":{"start":{"line":73,"column":27},"end":{"line":83,"column":1}},"line":73},"9":{"name":"(anonymous_9)","decl":{"start":{"line":85,"column":22},"end":{"line":85,"column":23}},"loc":{"start":{"line":85,"column":28},"end":{"line":87,"column":1}},"line":85}},"branchMap":{"0":{"loc":{"start":{"line":14,"column":2},"end":{"line":14,"column":72}},"type":"cond-expr","locations":[{"start":{"line":14,"column":24},"end":{"line":14,"column":56}},{"start":{"line":14,"column":59},"end":{"line":14,"column":72}}],"line":14},"1":{"loc":{"start":{"line":16,"column":2},"end":{"line":16,"column":76}},"type":"cond-expr","locations":[{"start":{"line":16,"column":25},"end":{"line":16,"column":59}},{"start":{"line":16,"column":62},"end":{"line":16,"column":76}}],"line":16},"2":{"loc":{"start":{"line":22,"column":8},"end":{"line":24,"column":49}},"type":"cond-expr","locations":[{"start":{"line":23,"column":12},"end":{"line":23,"column":49}},{"start":{"line":24,"column":12},"end":{"line":24,"column":49}}],"line":22},"3":{"loc":{"start":{"line":33,"column":8},"end":{"line":35,"column":47}},"type":"cond-expr","locations":[{"start":{"line":34,"column":12},"end":{"line":34,"column":47}},{"start":{"line":35,"column":12},"end":{"line":35,"column":47}}],"line":33},"4":{"loc":{"start":{"line":51,"column":4},"end":{"line":69,"column":5}},"type":"switch","locations":[{"start":{"line":52,"column":6},"end":{"line":54,"column":14}},{"start":{"line":55,"column":6},"end":{"line":57,"column":14}},{"start":{"line":58,"column":6},"end":{"line":60,"column":14}},{"start":{"line":61,"column":6},"end":{"line":63,"column":14}},{"start":{"line":64,"column":6},"end":{"line":66,"column":14}},{"start":{"line":67,"column":6},"end":{"line":68,"column":14}}],"line":51},"5":{"loc":{"start":{"line":74,"column":2},"end":{"line":82,"column":3}},"type":"if","locations":[{"start":{"line":74,"column":2},"end":{"line":82,"column":3}},{"start":{"line":80,"column":9},"end":{"line":82,"column":3}}],"line":74}},"s":{"0":1,"1":1,"2":1,"3":1,"4":0,"5":0,"6":0,"7":1,"8":0,"9":0,"10":0,"11":1,"12":0,"13":0,"14":0,"15":1,"16":0,"17":0,"18":0,"19":0,"20":0,"21":0,"22":0,"23":0,"24":0,"25":0,"26":0,"27":0,"28":0,"29":0,"30":1,"31":0,"32":0,"33":0,"34":0,"35":1,"36":0},"f":{"0":0,"1":0,"2":0,"3":0,"4":0,"5":0,"6":0,"7":0,"8":0,"9":0},"b":{"0":[0,1],"1":[0,1],"2":[0,0],"3":[0,0],"4":[0,0,0,0,0,0],"5":[0,0]},"_coverageSchema":"1a1c01bbd47fc00a2c39e90264f33305004495a9","hash":"d6489a1a9dbebbc3bd46eea66417b3e2549e1d12"}
,"C:\\Users\\savch_000\\Desktop\\JS\\NodeJS-2021-Q4\\NodeJS-2021-Q4\\ciphering-cli-tool\\src\\validation.js": {"path":"C:\\Users\\savch_000\\Desktop\\JS\\NodeJS-2021-Q4\\NodeJS-2021-Q4\\ciphering-cli-tool\\src\\validation.js","statementMap":{"0":{"start":{"line":3,"column":20},"end":{"line":7,"column":1}},"1":{"start":{"line":9,"column":27},"end":{"line":17,"column":1}},"2":{"start":{"line":10,"column":2},"end":{"line":15,"column":3}},"3":{"start":{"line":11,"column":4},"end":{"line":13,"column":6}},"4":{"start":{"line":14,"column":4},"end":{"line":14,"column":12}},"5":{"start":{"line":16,"column":2},"end":{"line":16,"column":14}},"6":{"start":{"line":19,"column":27},"end":{"line":50,"column":1}},"7":{"start":{"line":20,"column":2},"end":{"line":49,"column":5}},"8":{"start":{"line":21,"column":4},"end":{"line":48,"column":5}},"9":{"start":{"line":24,"column":8},"end":{"line":24,"column":32}},"10":{"start":{"line":25,"column":8},"end":{"line":28,"column":9}},"11":{"start":{"line":26,"column":10},"end":{"line":26,"column":72}},"12":{"start":{"line":27,"column":10},"end":{"line":27,"column":18}},"13":{"start":{"line":29,"column":8},"end":{"line":29,"column":14}},"14":{"start":{"line":32,"column":8},"end":{"line":32,"column":31}},"15":{"start":{"line":33,"column":8},"end":{"line":36,"column":9}},"16":{"start":{"line":34,"column":10},"end":{"line":34,"column":70}},"17":{"start":{"line":35,"column":10},"end":{"line":35,"column":18}},"18":{"start":{"line":37,"column":8},"end":{"line":37,"column":14}},"19":{"start":{"line":40,"column":8},"end":{"line":40,"column":32}},"20":{"start":{"line":41,"column":8},"end":{"line":44,"column":9}},"21":{"start":{"line":42,"column":10},"end":{"line":42,"column":71}},"22":{"start":{"line":43,"column":10},"end":{"line":43,"column":18}},"23":{"start":{"line":45,"column":8},"end":{"line":45,"column":14}},"24":{"start":{"line":47,"column":8},"end":{"line":47,"column":14}},"25":{"start":{"line":52,"column":23},"end":{"line":55,"column":1}},"26":{"start":{"line":53,"column":2},"end":{"line":53,"column":55}},"27":{"start":{"line":54,"column":2},"end":{"line":54,"column":10}},"28":{"start":{"line":57,"column":25},"end":{"line":69,"column":1}},"29":{"start":{"line":58,"column":2},"end":{"line":60,"column":23}},"30":{"start":{"line":62,"column":2},"end":{"line":64,"column":42}},"31":{"start":{"line":66,"column":2},"end":{"line":68,"column":44}}},"fnMap":{"0":{"name":"(anonymous_0)","decl":{"start":{"line":9,"column":27},"end":{"line":9,"column":28}},"loc":{"start":{"line":9,"column":37},"end":{"line":17,"column":1}},"line":9},"1":{"name":"(anonymous_1)","decl":{"start":{"line":19,"column":27},"end":{"line":19,"column":28}},"loc":{"start":{"line":19,"column":37},"end":{"line":50,"column":1}},"line":19},"2":{"name":"(anonymous_2)","decl":{"start":{"line":20,"column":15},"end":{"line":20,"column":16}},"loc":{"start":{"line":20,"column":25},"end":{"line":49,"column":3}},"line":20},"3":{"name":"(anonymous_3)","decl":{"start":{"line":52,"column":23},"end":{"line":52,"column":24}},"loc":{"start":{"line":52,"column":29},"end":{"line":55,"column":1}},"line":52},"4":{"name":"(anonymous_4)","decl":{"start":{"line":57,"column":25},"end":{"line":57,"column":26}},"loc":{"start":{"line":57,"column":35},"end":{"line":69,"column":1}},"line":57}},"branchMap":{"0":{"loc":{"start":{"line":10,"column":2},"end":{"line":15,"column":3}},"type":"if","locations":[{"start":{"line":10,"column":2},"end":{"line":15,"column":3}},{"start":{},"end":{}}],"line":10},"1":{"loc":{"start":{"line":10,"column":6},"end":{"line":10,"column":56}},"type":"binary-expr","locations":[{"start":{"line":10,"column":6},"end":{"line":10,"column":26}},{"start":{"line":10,"column":30},"end":{"line":10,"column":56}}],"line":10},"2":{"loc":{"start":{"line":21,"column":4},"end":{"line":48,"column":5}},"type":"switch","locations":[{"start":{"line":22,"column":6},"end":{"line":22,"column":16}},{"start":{"line":23,"column":6},"end":{"line":29,"column":14}},{"start":{"line":30,"column":6},"end":{"line":30,"column":16}},{"start":{"line":31,"column":6},"end":{"line":37,"column":14}},{"start":{"line":38,"column":6},"end":{"line":38,"column":16}},{"start":{"line":39,"column":6},"end":{"line":45,"column":14}},{"start":{"line":46,"column":6},"end":{"line":47,"column":14}}],"line":21},"3":{"loc":{"start":{"line":25,"column":8},"end":{"line":28,"column":9}},"type":"if","locations":[{"start":{"line":25,"column":8},"end":{"line":28,"column":9}},{"start":{},"end":{}}],"line":25},"4":{"loc":{"start":{"line":33,"column":8},"end":{"line":36,"column":9}},"type":"if","locations":[{"start":{"line":33,"column":8},"end":{"line":36,"column":9}},{"start":{},"end":{}}],"line":33},"5":{"loc":{"start":{"line":41,"column":8},"end":{"line":44,"column":9}},"type":"if","locations":[{"start":{"line":41,"column":8},"end":{"line":44,"column":9}},{"start":{},"end":{}}],"line":41},"6":{"loc":{"start":{"line":58,"column":2},"end":{"line":60,"column":22}},"type":"cond-expr","locations":[{"start":{"line":59,"column":6},"end":{"line":59,"column":51}},{"start":{"line":60,"column":6},"end":{"line":60,"column":22}}],"line":58},"7":{"loc":{"start":{"line":62,"column":2},"end":{"line":64,"column":41}},"type":"cond-expr","locations":[{"start":{"line":63,"column":6},"end":{"line":63,"column":41}},{"start":{"line":64,"column":6},"end":{"line":64,"column":41}}],"line":62},"8":{"loc":{"start":{"line":66,"column":2},"end":{"line":68,"column":43}},"type":"cond-expr","locations":[{"start":{"line":67,"column":6},"end":{"line":67,"column":43}},{"start":{"line":68,"column":6},"end":{"line":68,"column":43}}],"line":66}},"s":{"0":1,"1":1,"2":2,"3":1,"4":1,"5":2,"6":1,"7":1,"8":7,"9":2,"10":2,"11":1,"12":1,"13":2,"14":2,"15":2,"16":1,"17":1,"18":2,"19":2,"20":2,"21":1,"22":1,"23":2,"24":1,"25":1,"26":1,"27":1,"28":1,"29":2,"30":2,"31":2},"f":{"0":2,"1":1,"2":7,"3":1,"4":2},"b":{"0":[1,1],"1":[2,1],"2":[1,2,1,2,1,2,1],"3":[1,1],"4":[1,1],"5":[1,1],"6":[1,1],"7":[2,0],"8":[2,0]},"_coverageSchema":"1a1c01bbd47fc00a2c39e90264f33305004495a9","hash":"483d95c640d6ba31df41ea877c1d506f0750b326"}
}
