{"C:\\Users\\savch_000\\Desktop\\JS\\NodeJS-2021-Q4\\NodeJS-2021-Q4\\ciphering-cli-tool\\src\\alphabets.js": {"path":"C:\\Users\\savch_000\\Desktop\\JS\\NodeJS-2021-Q4\\NodeJS-2021-Q4\\ciphering-cli-tool\\src\\alphabets.js","statementMap":{"0":{"start":{"line":1,"column":25},"end":{"line":54,"column":1}},"1":{"start":{"line":56,"column":23},"end":{"line":109,"column":1}},"2":{"start":{"line":111,"column":25},"end":{"line":164,"column":1}}},"fnMap":{},"branchMap":{},"s":{"0":1,"1":1,"2":1},"f":{},"b":{},"_coverageSchema":"1a1c01bbd47fc00a2c39e90264f33305004495a9","hash":"28fcecc3ceac8fe2720e854ea9448404f14acb50"}
,"C:\\Users\\savch_000\\Desktop\\JS\\NodeJS-2021-Q4\\NodeJS-2021-Q4\\ciphering-cli-tool\\src\\ciphering.js": {"path":"C:\\Users\\savch_000\\Desktop\\JS\\NodeJS-2021-Q4\\NodeJS-2021-Q4\\ciphering-cli-tool\\src\\ciphering.js","statementMap":{"0":{"start":{"line":3,"column":28},"end":{"line":5,"column":1}},"1":{"start":{"line":4,"column":2},"end":{"line":4,"column":33}},"2":{"start":{"line":7,"column":28},"end":{"line":9,"column":1}},"3":{"start":{"line":8,"column":2},"end":{"line":8,"column":33}},"4":{"start":{"line":11,"column":28},"end":{"line":13,"column":1}},"5":{"start":{"line":12,"column":2},"end":{"line":12,"column":33}},"6":{"start":{"line":15,"column":26},"end":{"line":17,"column":1}},"7":{"start":{"line":16,"column":2},"end":{"line":16,"column":31}},"8":{"start":{"line":19,"column":26},"end":{"line":21,"column":1}},"9":{"start":{"line":20,"column":2},"end":{"line":20,"column":31}},"10":{"start":{"line":23,"column":15},"end":{"line":29,"column":1}},"11":{"start":{"line":24,"column":14},"end":{"line":24,"column":16}},"12":{"start":{"line":25,"column":2},"end":{"line":27,"column":5}},"13":{"start":{"line":26,"column":4},"end":{"line":26,"column":57}},"14":{"start":{"line":28,"column":2},"end":{"line":28,"column":22}},"15":{"start":{"line":31,"column":15},"end":{"line":41,"column":1}},"16":{"start":{"line":32,"column":14},"end":{"line":32,"column":16}},"17":{"start":{"line":33,"column":2},"end":{"line":39,"column":6}},"18":{"start":{"line":36,"column":6},"end":{"line":38,"column":22}},"19":{"start":{"line":37,"column":55},"end":{"line":37,"column":75}},"20":{"start":{"line":40,"column":2},"end":{"line":40,"column":22}}},"fnMap":{"0":{"name":"(anonymous_0)","decl":{"start":{"line":3,"column":28},"end":{"line":3,"column":29}},"loc":{"start":{"line":3,"column":38},"end":{"line":5,"column":1}},"line":3},"1":{"name":"(anonymous_1)","decl":{"start":{"line":7,"column":28},"end":{"line":7,"column":29}},"loc":{"start":{"line":7,"column":38},"end":{"line":9,"column":1}},"line":7},"2":{"name":"(anonymous_2)","decl":{"start":{"line":11,"column":28},"end":{"line":11,"column":29}},"loc":{"start":{"line":11,"column":38},"end":{"line":13,"column":1}},"line":11},"3":{"name":"(anonymous_3)","decl":{"start":{"line":15,"column":26},"end":{"line":15,"column":27}},"loc":{"start":{"line":15,"column":36},"end":{"line":17,"column":1}},"line":15},"4":{"name":"(anonymous_4)","decl":{"start":{"line":19,"column":26},"end":{"line":19,"column":27}},"loc":{"start":{"line":19,"column":36},"end":{"line":21,"column":1}},"line":19},"5":{"name":"(anonymous_5)","decl":{"start":{"line":23,"column":15},"end":{"line":23,"column":16}},"loc":{"start":{"line":23,"column":35},"end":{"line":29,"column":1}},"line":23},"6":{"name":"(anonymous_6)","decl":{"start":{"line":25,"column":25},"end":{"line":25,"column":26}},"loc":{"start":{"line":25,"column":33},"end":{"line":27,"column":3}},"line":25},"7":{"name":"(anonymous_7)","decl":{"start":{"line":31,"column":15},"end":{"line":31,"column":16}},"loc":{"start":{"line":31,"column":35},"end":{"line":41,"column":1}},"line":31},"8":{"name":"(anonymous_8)","decl":{"start":{"line":35,"column":13},"end":{"line":35,"column":14}},"loc":{"start":{"line":36,"column":6},"end":{"line":38,"column":22}},"line":36},"9":{"name":"(anonymous_9)","decl":{"start":{"line":37,"column":46},"end":{"line":37,"column":47}},"loc":{"start":{"line":37,"column":55},"end":{"line":37,"column":75}},"line":37}},"branchMap":{"0":{"loc":{"start":{"line":26,"column":4},"end":{"line":26,"column":56}},"type":"cond-expr","locations":[{"start":{"line":26,"column":19},"end":{"line":26,"column":41}},{"start":{"line":26,"column":44},"end":{"line":26,"column":56}}],"line":26},"1":{"loc":{"start":{"line":36,"column":6},"end":{"line":38,"column":22}},"type":"cond-expr","locations":[{"start":{"line":37,"column":10},"end":{"line":37,"column":77}},{"start":{"line":38,"column":10},"end":{"line":38,"column":22}}],"line":36}},"s":{"0":1,"1":3,"2":1,"3":2,"4":1,"5":2,"6":1,"7":2,"8":1,"9":2,"10":1,"11":7,"12":7,"13":498,"14":7,"15":1,"16":4,"17":4,"18":330,"19":2756,"20":4},"f":{"0":3,"1":2,"2":2,"3":2,"4":2,"5":7,"6":498,"7":4,"8":330,"9":2756},"b":{"0":[159,339],"1":[104,226]},"_coverageSchema":"1a1c01bbd47fc00a2c39e90264f33305004495a9","hash":"260333889a6609c36af0a45a865294f97164f907"}
,"C:\\Users\\savch_000\\Desktop\\JS\\NodeJS-2021-Q4\\NodeJS-2021-Q4\\ciphering-cli-tool\\src\\custom-streams.js": {"path":"C:\\Users\\savch_000\\Desktop\\JS\\NodeJS-2021-Q4\\NodeJS-2021-Q4\\ciphering-cli-tool\\src\\custom-streams.js","statementMap":{"0":{"start":{"line":6,"column":4},"end":{"line":6,"column":12}},"1":{"start":{"line":7,"column":4},"end":{"line":7,"column":29}},"2":{"start":{"line":8,"column":4},"end":{"line":8,"column":19}},"3":{"start":{"line":11,"column":4},"end":{"line":18,"column":7}},"4":{"start":{"line":12,"column":6},"end":{"line":17,"column":7}},"5":{"start":{"line":13,"column":8},"end":{"line":13,"column":22}},"6":{"start":{"line":15,"column":8},"end":{"line":15,"column":21}},"7":{"start":{"line":16,"column":8},"end":{"line":16,"column":19}},"8":{"start":{"line":21,"column":16},"end":{"line":21,"column":31}},"9":{"start":{"line":22,"column":4},"end":{"line":28,"column":7}},"10":{"start":{"line":23,"column":6},"end":{"line":27,"column":7}},"11":{"start":{"line":24,"column":8},"end":{"line":24,"column":26}},"12":{"start":{"line":26,"column":8},"end":{"line":26,"column":66}},"13":{"start":{"line":31,"column":4},"end":{"line":35,"column":5}},"14":{"start":{"line":32,"column":6},"end":{"line":32,"column":53}},"15":{"start":{"line":32,"column":32},"end":{"line":32,"column":51}},"16":{"start":{"line":34,"column":6},"end":{"line":34,"column":20}},"17":{"start":{"line":41,"column":4},"end":{"line":41,"column":12}},"18":{"start":{"line":42,"column":4},"end":{"line":42,"column":29}},"19":{"start":{"line":43,"column":4},"end":{"line":43,"column":16}},"20":{"start":{"line":47,"column":4},"end":{"line":54,"column":7}},"21":{"start":{"line":48,"column":6},"end":{"line":53,"column":7}},"22":{"start":{"line":49,"column":8},"end":{"line":49,"column":22}},"23":{"start":{"line":51,"column":8},"end":{"line":51,"column":21}},"24":{"start":{"line":52,"column":8},"end":{"line":52,"column":19}},"25":{"start":{"line":58,"column":4},"end":{"line":58,"column":39}},"26":{"start":{"line":62,"column":4},"end":{"line":66,"column":5}},"27":{"start":{"line":63,"column":6},"end":{"line":63,"column":53}},"28":{"start":{"line":63,"column":32},"end":{"line":63,"column":51}},"29":{"start":{"line":65,"column":6},"end":{"line":65,"column":20}}},"fnMap":{"0":{"name":"(anonymous_0)","decl":{"start":{"line":5,"column":2},"end":{"line":5,"column":3}},"loc":{"start":{"line":5,"column":24},"end":{"line":9,"column":3}},"line":5},"1":{"name":"(anonymous_1)","decl":{"start":{"line":10,"column":2},"end":{"line":10,"column":3}},"loc":{"start":{"line":10,"column":23},"end":{"line":19,"column":3}},"line":10},"2":{"name":"(anonymous_2)","decl":{"start":{"line":11,"column":27},"end":{"line":11,"column":28}},"loc":{"start":{"line":11,"column":40},"end":{"line":18,"column":5}},"line":11},"3":{"name":"(anonymous_3)","decl":{"start":{"line":20,"column":2},"end":{"line":20,"column":3}},"loc":{"start":{"line":20,"column":11},"end":{"line":29,"column":3}},"line":20},"4":{"name":"(anonymous_4)","decl":{"start":{"line":22,"column":38},"end":{"line":22,"column":39}},"loc":{"start":{"line":22,"column":58},"end":{"line":28,"column":5}},"line":22},"5":{"name":"(anonymous_5)","decl":{"start":{"line":30,"column":2},"end":{"line":30,"column":3}},"loc":{"start":{"line":30,"column":26},"end":{"line":36,"column":3}},"line":30},"6":{"name":"(anonymous_6)","decl":{"start":{"line":32,"column":24},"end":{"line":32,"column":25}},"loc":{"start":{"line":32,"column":32},"end":{"line":32,"column":51}},"line":32},"7":{"name":"(anonymous_7)","decl":{"start":{"line":40,"column":2},"end":{"line":40,"column":3}},"loc":{"start":{"line":40,"column":24},"end":{"line":44,"column":3}},"line":40},"8":{"name":"(anonymous_8)","decl":{"start":{"line":46,"column":2},"end":{"line":46,"column":3}},"loc":{"start":{"line":46,"column":23},"end":{"line":55,"column":3}},"line":46},"9":{"name":"(anonymous_9)","decl":{"start":{"line":47,"column":32},"end":{"line":47,"column":33}},"loc":{"start":{"line":47,"column":45},"end":{"line":54,"column":5}},"line":47},"10":{"name":"(anonymous_10)","decl":{"start":{"line":57,"column":2},"end":{"line":57,"column":3}},"loc":{"start":{"line":57,"column":36},"end":{"line":59,"column":3}},"line":57},"11":{"name":"(anonymous_11)","decl":{"start":{"line":61,"column":2},"end":{"line":61,"column":3}},"loc":{"start":{"line":61,"column":26},"end":{"line":67,"column":3}},"line":61},"12":{"name":"(anonymous_12)","decl":{"start":{"line":63,"column":24},"end":{"line":63,"column":25}},"loc":{"start":{"line":63,"column":32},"end":{"line":63,"column":51}},"line":63}},"branchMap":{"0":{"loc":{"start":{"line":12,"column":6},"end":{"line":17,"column":7}},"type":"if","locations":[{"start":{"line":12,"column":6},"end":{"line":17,"column":7}},{"start":{"line":14,"column":13},"end":{"line":17,"column":7}}],"line":12},"1":{"loc":{"start":{"line":23,"column":6},"end":{"line":27,"column":7}},"type":"if","locations":[{"start":{"line":23,"column":6},"end":{"line":27,"column":7}},{"start":{"line":25,"column":13},"end":{"line":27,"column":7}}],"line":23},"2":{"loc":{"start":{"line":26,"column":18},"end":{"line":26,"column":64}},"type":"cond-expr","locations":[{"start":{"line":26,"column":34},"end":{"line":26,"column":57}},{"start":{"line":26,"column":60},"end":{"line":26,"column":64}}],"line":26},"3":{"loc":{"start":{"line":31,"column":4},"end":{"line":35,"column":5}},"type":"if","locations":[{"start":{"line":31,"column":4},"end":{"line":35,"column":5}},{"start":{"line":33,"column":11},"end":{"line":35,"column":5}}],"line":31},"4":{"loc":{"start":{"line":32,"column":41},"end":{"line":32,"column":50}},"type":"binary-expr","locations":[{"start":{"line":32,"column":41},"end":{"line":32,"column":43}},{"start":{"line":32,"column":47},"end":{"line":32,"column":50}}],"line":32},"5":{"loc":{"start":{"line":48,"column":6},"end":{"line":53,"column":7}},"type":"if","locations":[{"start":{"line":48,"column":6},"end":{"line":53,"column":7}},{"start":{"line":50,"column":13},"end":{"line":53,"column":7}}],"line":48},"6":{"loc":{"start":{"line":62,"column":4},"end":{"line":66,"column":5}},"type":"if","locations":[{"start":{"line":62,"column":4},"end":{"line":66,"column":5}},{"start":{"line":64,"column":11},"end":{"line":66,"column":5}}],"line":62},"7":{"loc":{"start":{"line":63,"column":41},"end":{"line":63,"column":50}},"type":"binary-expr","locations":[{"start":{"line":63,"column":41},"end":{"line":63,"column":43}},{"start":{"line":63,"column":47},"end":{"line":63,"column":50}}],"line":63}},"s":{"0":0,"1":0,"2":0,"3":0,"4":0,"5":0,"6":0,"7":0,"8":0,"9":0,"10":0,"11":0,"12":0,"13":0,"14":0,"15":0,"16":0,"17":0,"18":0,"19":0,"20":0,"21":0,"22":0,"23":0,"24":0,"25":0,"26":0,"27":0,"28":0,"29":0},"f":{"0":0,"1":0,"2":0,"3":0,"4":0,"5":0,"6":0,"7":0,"8":0,"9":0,"10":0,"11":0,"12":0},"b":{"0":[0,0],"1":[0,0],"2":[0,0],"3":[0,0],"4":[0,0],"5":[0,0],"6":[0,0],"7":[0,0]},"_coverageSchema":"1a1c01bbd47fc00a2c39e90264f33305004495a9","hash":"8b3c92d271b659fa8b1e3ac95b40127bbbeaaa63"}
,"C:\\Users\\savch_000\\Desktop\\JS\\NodeJS-2021-Q4\\NodeJS-2021-Q4\\ciphering-cli-tool\\src\\parser.js": {"path":"C:\\Users\\savch_000\\Desktop\\JS\\NodeJS-2021-Q4\\NodeJS-2021-Q4\\ciphering-cli-tool\\src\\parser.js","statementMap":{"0":{"start":{"line":3,"column":20},"end":{"line":3,"column":22}},"1":{"start":{"line":5,"column":24},"end":{"line":9,"column":1}},"2":{"start":{"line":7,"column":4},"end":{"line":7,"column":74}},"3":{"start":{"line":8,"column":2},"end":{"line":8,"column":55}},"4":{"start":{"line":11,"column":0},"end":{"line":11,"column":47}},"5":{"start":{"line":12,"column":0},"end":{"line":12,"column":45}},"6":{"start":{"line":13,"column":0},"end":{"line":13,"column":47}}},"fnMap":{"0":{"name":"(anonymous_0)","decl":{"start":{"line":5,"column":24},"end":{"line":5,"column":25}},"loc":{"start":{"line":5,"column":48},"end":{"line":9,"column":1}},"line":5}},"branchMap":{"0":{"loc":{"start":{"line":7,"column":4},"end":{"line":7,"column":74}},"type":"cond-expr","locations":[{"start":{"line":7,"column":33},"end":{"line":7,"column":52}},{"start":{"line":7,"column":55},"end":{"line":7,"column":74}}],"line":7},"1":{"loc":{"start":{"line":8,"column":9},"end":{"line":8,"column":54}},"type":"cond-expr","locations":[{"start":{"line":8,"column":28},"end":{"line":8,"column":47}},{"start":{"line":8,"column":50},"end":{"line":8,"column":54}}],"line":8}},"s":{"0":1,"1":1,"2":6,"3":6,"4":1,"5":1,"6":1},"f":{"0":6},"b":{"0":[3,3],"1":[3,3]},"_coverageSchema":"1a1c01bbd47fc00a2c39e90264f33305004495a9","hash":"b64d94d4da2bbd62bc01cbb2df5e46b93dc53cbb"}
,"C:\\Users\\savch_000\\Desktop\\JS\\NodeJS-2021-Q4\\NodeJS-2021-Q4\\ciphering-cli-tool\\src\\streams.js": {"path":"C:\\Users\\savch_000\\Desktop\\JS\\NodeJS-2021-Q4\\NodeJS-2021-Q4\\ciphering-cli-tool\\src\\streams.js","statementMap":{"0":{"start":{"line":11,"column":26},"end":{"line":13,"column":1}},"1":{"start":{"line":12,"column":2},"end":{"line":12,"column":80}},"2":{"start":{"line":15,"column":27},"end":{"line":19,"column":1}},"3":{"start":{"line":16,"column":2},"end":{"line":18,"column":21}},"4":{"start":{"line":21,"column":37},"end":{"line":30,"column":4}},"5":{"start":{"line":22,"column":2},"end":{"line":30,"column":4}},"6":{"start":{"line":25,"column":8},"end":{"line":27,"column":49}},"7":{"start":{"line":28,"column":6},"end":{"line":28,"column":41}},"8":{"start":{"line":32,"column":28},"end":{"line":41,"column":4}},"9":{"start":{"line":33,"column":2},"end":{"line":41,"column":4}},"10":{"start":{"line":36,"column":8},"end":{"line":38,"column":47}},"11":{"start":{"line":39,"column":6},"end":{"line":39,"column":41}},"12":{"start":{"line":43,"column":30},"end":{"line":49,"column":4}},"13":{"start":{"line":44,"column":2},"end":{"line":49,"column":4}},"14":{"start":{"line":46,"column":26},"end":{"line":46,"column":63}},"15":{"start":{"line":47,"column":6},"end":{"line":47,"column":41}},"16":{"start":{"line":51,"column":30},"end":{"line":76,"column":1}},"17":{"start":{"line":52,"column":23},"end":{"line":52,"column":25}},"18":{"start":{"line":53,"column":18},"end":{"line":53,"column":40}},"19":{"start":{"line":54,"column":2},"end":{"line":74,"column":5}},"20":{"start":{"line":55,"column":4},"end":{"line":73,"column":5}},"21":{"start":{"line":57,"column":8},"end":{"line":57,"column":52}},"22":{"start":{"line":58,"column":8},"end":{"line":58,"column":14}},"23":{"start":{"line":60,"column":8},"end":{"line":60,"column":52}},"24":{"start":{"line":61,"column":8},"end":{"line":61,"column":14}},"25":{"start":{"line":63,"column":8},"end":{"line":63,"column":50}},"26":{"start":{"line":64,"column":8},"end":{"line":64,"column":14}},"27":{"start":{"line":66,"column":8},"end":{"line":66,"column":50}},"28":{"start":{"line":67,"column":8},"end":{"line":67,"column":14}},"29":{"start":{"line":69,"column":8},"end":{"line":69,"column":51}},"30":{"start":{"line":70,"column":8},"end":{"line":70,"column":14}},"31":{"start":{"line":72,"column":8},"end":{"line":72,"column":14}},"32":{"start":{"line":75,"column":2},"end":{"line":75,"column":22}},"33":{"start":{"line":78,"column":25},"end":{"line":88,"column":1}},"34":{"start":{"line":79,"column":2},"end":{"line":87,"column":3}},"35":{"start":{"line":80,"column":4},"end":{"line":83,"column":6}},"36":{"start":{"line":84,"column":4},"end":{"line":84,"column":20}},"37":{"start":{"line":86,"column":4},"end":{"line":86,"column":39}},"38":{"start":{"line":90,"column":22},"end":{"line":92,"column":1}},"39":{"start":{"line":91,"column":2},"end":{"line":91,"column":64}}},"fnMap":{"0":{"name":"(anonymous_0)","decl":{"start":{"line":11,"column":26},"end":{"line":11,"column":27}},"loc":{"start":{"line":11,"column":36},"end":{"line":13,"column":1}},"line":11},"1":{"name":"(anonymous_1)","decl":{"start":{"line":15,"column":27},"end":{"line":15,"column":28}},"loc":{"start":{"line":15,"column":37},"end":{"line":19,"column":1}},"line":15},"2":{"name":"(anonymous_2)","decl":{"start":{"line":21,"column":37},"end":{"line":21,"column":38}},"loc":{"start":{"line":22,"column":2},"end":{"line":30,"column":4}},"line":22},"3":{"name":"(anonymous_3)","decl":{"start":{"line":23,"column":4},"end":{"line":23,"column":5}},"loc":{"start":{"line":23,"column":41},"end":{"line":29,"column":5}},"line":23},"4":{"name":"(anonymous_4)","decl":{"start":{"line":32,"column":28},"end":{"line":32,"column":29}},"loc":{"start":{"line":33,"column":2},"end":{"line":41,"column":4}},"line":33},"5":{"name":"(anonymous_5)","decl":{"start":{"line":34,"column":4},"end":{"line":34,"column":5}},"loc":{"start":{"line":34,"column":41},"end":{"line":40,"column":5}},"line":34},"6":{"name":"(anonymous_6)","decl":{"start":{"line":43,"column":30},"end":{"line":43,"column":31}},"loc":{"start":{"line":44,"column":2},"end":{"line":49,"column":4}},"line":44},"7":{"name":"(anonymous_7)","decl":{"start":{"line":45,"column":4},"end":{"line":45,"column":5}},"loc":{"start":{"line":45,"column":41},"end":{"line":48,"column":5}},"line":45},"8":{"name":"(anonymous_8)","decl":{"start":{"line":51,"column":30},"end":{"line":51,"column":31}},"loc":{"start":{"line":51,"column":40},"end":{"line":76,"column":1}},"line":51},"9":{"name":"(anonymous_9)","decl":{"start":{"line":54,"column":18},"end":{"line":54,"column":19}},"loc":{"start":{"line":54,"column":28},"end":{"line":74,"column":3}},"line":54},"10":{"name":"(anonymous_10)","decl":{"start":{"line":78,"column":25},"end":{"line":78,"column":26}},"loc":{"start":{"line":78,"column":34},"end":{"line":88,"column":1}},"line":78},"11":{"name":"(anonymous_11)","decl":{"start":{"line":90,"column":22},"end":{"line":90,"column":23}},"loc":{"start":{"line":90,"column":76},"end":{"line":92,"column":1}},"line":90}},"branchMap":{"0":{"loc":{"start":{"line":12,"column":9},"end":{"line":12,"column":79}},"type":"cond-expr","locations":[{"start":{"line":12,"column":31},"end":{"line":12,"column":63}},{"start":{"line":12,"column":66},"end":{"line":12,"column":79}}],"line":12},"1":{"loc":{"start":{"line":16,"column":9},"end":{"line":18,"column":20}},"type":"cond-expr","locations":[{"start":{"line":17,"column":6},"end":{"line":17,"column":40}},{"start":{"line":18,"column":6},"end":{"line":18,"column":20}}],"line":16},"2":{"loc":{"start":{"line":25,"column":8},"end":{"line":27,"column":49}},"type":"cond-expr","locations":[{"start":{"line":26,"column":12},"end":{"line":26,"column":49}},{"start":{"line":27,"column":12},"end":{"line":27,"column":49}}],"line":25},"3":{"loc":{"start":{"line":36,"column":8},"end":{"line":38,"column":47}},"type":"cond-expr","locations":[{"start":{"line":37,"column":12},"end":{"line":37,"column":47}},{"start":{"line":38,"column":12},"end":{"line":38,"column":47}}],"line":36},"4":{"loc":{"start":{"line":55,"column":4},"end":{"line":73,"column":5}},"type":"switch","locations":[{"start":{"line":56,"column":6},"end":{"line":58,"column":14}},{"start":{"line":59,"column":6},"end":{"line":61,"column":14}},{"start":{"line":62,"column":6},"end":{"line":64,"column":14}},{"start":{"line":65,"column":6},"end":{"line":67,"column":14}},{"start":{"line":68,"column":6},"end":{"line":70,"column":14}},{"start":{"line":71,"column":6},"end":{"line":72,"column":14}}],"line":55},"5":{"loc":{"start":{"line":79,"column":2},"end":{"line":87,"column":3}},"type":"if","locations":[{"start":{"line":79,"column":2},"end":{"line":87,"column":3}},{"start":{"line":85,"column":9},"end":{"line":87,"column":3}}],"line":79}},"s":{"0":1,"1":0,"2":1,"3":0,"4":1,"5":2,"6":1,"7":1,"8":1,"9":1,"10":0,"11":0,"12":1,"13":1,"14":0,"15":0,"16":1,"17":1,"18":1,"19":1,"20":4,"21":2,"22":2,"23":0,"24":0,"25":0,"26":0,"27":1,"28":1,"29":1,"30":1,"31":0,"32":1,"33":1,"34":0,"35":0,"36":0,"37":0,"38":1,"39":0},"f":{"0":0,"1":0,"2":2,"3":1,"4":1,"5":0,"6":1,"7":0,"8":1,"9":4,"10":0,"11":0},"b":{"0":[0,0],"1":[0,0],"2":[1,0],"3":[0,0],"4":[2,0,0,1,1,0],"5":[0,0]},"_coverageSchema":"1a1c01bbd47fc00a2c39e90264f33305004495a9","hash":"0cae127a8bff3db925a633d69b312b46ce4017b4"}
,"C:\\Users\\savch_000\\Desktop\\JS\\NodeJS-2021-Q4\\NodeJS-2021-Q4\\ciphering-cli-tool\\src\\validation.js": {"path":"C:\\Users\\savch_000\\Desktop\\JS\\NodeJS-2021-Q4\\NodeJS-2021-Q4\\ciphering-cli-tool\\src\\validation.js","statementMap":{"0":{"start":{"line":4,"column":20},"end":{"line":8,"column":1}},"1":{"start":{"line":10,"column":27},"end":{"line":18,"column":1}},"2":{"start":{"line":11,"column":2},"end":{"line":16,"column":3}},"3":{"start":{"line":12,"column":4},"end":{"line":14,"column":6}},"4":{"start":{"line":15,"column":4},"end":{"line":15,"column":12}},"5":{"start":{"line":17,"column":2},"end":{"line":17,"column":14}},"6":{"start":{"line":20,"column":27},"end":{"line":51,"column":1}},"7":{"start":{"line":21,"column":2},"end":{"line":50,"column":5}},"8":{"start":{"line":22,"column":4},"end":{"line":49,"column":5}},"9":{"start":{"line":25,"column":8},"end":{"line":25,"column":32}},"10":{"start":{"line":26,"column":8},"end":{"line":29,"column":9}},"11":{"start":{"line":27,"column":10},"end":{"line":27,"column":72}},"12":{"start":{"line":28,"column":10},"end":{"line":28,"column":18}},"13":{"start":{"line":30,"column":8},"end":{"line":30,"column":14}},"14":{"start":{"line":33,"column":8},"end":{"line":33,"column":31}},"15":{"start":{"line":34,"column":8},"end":{"line":37,"column":9}},"16":{"start":{"line":35,"column":10},"end":{"line":35,"column":70}},"17":{"start":{"line":36,"column":10},"end":{"line":36,"column":18}},"18":{"start":{"line":38,"column":8},"end":{"line":38,"column":14}},"19":{"start":{"line":41,"column":8},"end":{"line":41,"column":32}},"20":{"start":{"line":42,"column":8},"end":{"line":45,"column":9}},"21":{"start":{"line":43,"column":10},"end":{"line":43,"column":71}},"22":{"start":{"line":44,"column":10},"end":{"line":44,"column":18}},"23":{"start":{"line":46,"column":8},"end":{"line":46,"column":14}},"24":{"start":{"line":48,"column":8},"end":{"line":48,"column":14}},"25":{"start":{"line":53,"column":23},"end":{"line":56,"column":1}},"26":{"start":{"line":54,"column":2},"end":{"line":54,"column":55}},"27":{"start":{"line":55,"column":2},"end":{"line":55,"column":10}},"28":{"start":{"line":58,"column":22},"end":{"line":61,"column":1}},"29":{"start":{"line":59,"column":2},"end":{"line":59,"column":59}},"30":{"start":{"line":60,"column":2},"end":{"line":60,"column":10}},"31":{"start":{"line":63,"column":23},"end":{"line":66,"column":1}},"32":{"start":{"line":64,"column":2},"end":{"line":64,"column":60}},"33":{"start":{"line":65,"column":2},"end":{"line":65,"column":10}},"34":{"start":{"line":68,"column":25},"end":{"line":87,"column":1}},"35":{"start":{"line":69,"column":2},"end":{"line":69,"column":48}},"36":{"start":{"line":69,"column":32},"end":{"line":69,"column":48}},"37":{"start":{"line":70,"column":2},"end":{"line":70,"column":50}},"38":{"start":{"line":70,"column":33},"end":{"line":70,"column":50}},"39":{"start":{"line":72,"column":2},"end":{"line":74,"column":23}},"40":{"start":{"line":76,"column":2},"end":{"line":80,"column":42}},"41":{"start":{"line":82,"column":2},"end":{"line":86,"column":44}}},"fnMap":{"0":{"name":"(anonymous_0)","decl":{"start":{"line":10,"column":27},"end":{"line":10,"column":28}},"loc":{"start":{"line":10,"column":37},"end":{"line":18,"column":1}},"line":10},"1":{"name":"(anonymous_1)","decl":{"start":{"line":20,"column":27},"end":{"line":20,"column":28}},"loc":{"start":{"line":20,"column":37},"end":{"line":51,"column":1}},"line":20},"2":{"name":"(anonymous_2)","decl":{"start":{"line":21,"column":15},"end":{"line":21,"column":16}},"loc":{"start":{"line":21,"column":25},"end":{"line":50,"column":3}},"line":21},"3":{"name":"(anonymous_3)","decl":{"start":{"line":53,"column":23},"end":{"line":53,"column":24}},"loc":{"start":{"line":53,"column":29},"end":{"line":56,"column":1}},"line":53},"4":{"name":"(anonymous_4)","decl":{"start":{"line":58,"column":22},"end":{"line":58,"column":23}},"loc":{"start":{"line":58,"column":28},"end":{"line":61,"column":1}},"line":58},"5":{"name":"(anonymous_5)","decl":{"start":{"line":63,"column":23},"end":{"line":63,"column":24}},"loc":{"start":{"line":63,"column":29},"end":{"line":66,"column":1}},"line":63},"6":{"name":"(anonymous_6)","decl":{"start":{"line":68,"column":25},"end":{"line":68,"column":26}},"loc":{"start":{"line":68,"column":35},"end":{"line":87,"column":1}},"line":68}},"branchMap":{"0":{"loc":{"start":{"line":11,"column":2},"end":{"line":16,"column":3}},"type":"if","locations":[{"start":{"line":11,"column":2},"end":{"line":16,"column":3}},{"start":{},"end":{}}],"line":11},"1":{"loc":{"start":{"line":11,"column":6},"end":{"line":11,"column":56}},"type":"binary-expr","locations":[{"start":{"line":11,"column":6},"end":{"line":11,"column":26}},{"start":{"line":11,"column":30},"end":{"line":11,"column":56}}],"line":11},"2":{"loc":{"start":{"line":22,"column":4},"end":{"line":49,"column":5}},"type":"switch","locations":[{"start":{"line":23,"column":6},"end":{"line":23,"column":16}},{"start":{"line":24,"column":6},"end":{"line":30,"column":14}},{"start":{"line":31,"column":6},"end":{"line":31,"column":16}},{"start":{"line":32,"column":6},"end":{"line":38,"column":14}},{"start":{"line":39,"column":6},"end":{"line":39,"column":16}},{"start":{"line":40,"column":6},"end":{"line":46,"column":14}},{"start":{"line":47,"column":6},"end":{"line":48,"column":14}}],"line":22},"3":{"loc":{"start":{"line":26,"column":8},"end":{"line":29,"column":9}},"type":"if","locations":[{"start":{"line":26,"column":8},"end":{"line":29,"column":9}},{"start":{},"end":{}}],"line":26},"4":{"loc":{"start":{"line":34,"column":8},"end":{"line":37,"column":9}},"type":"if","locations":[{"start":{"line":34,"column":8},"end":{"line":37,"column":9}},{"start":{},"end":{}}],"line":34},"5":{"loc":{"start":{"line":42,"column":8},"end":{"line":45,"column":9}},"type":"if","locations":[{"start":{"line":42,"column":8},"end":{"line":45,"column":9}},{"start":{},"end":{}}],"line":42},"6":{"loc":{"start":{"line":69,"column":2},"end":{"line":69,"column":48}},"type":"if","locations":[{"start":{"line":69,"column":2},"end":{"line":69,"column":48}},{"start":{},"end":{}}],"line":69},"7":{"loc":{"start":{"line":70,"column":2},"end":{"line":70,"column":50}},"type":"if","locations":[{"start":{"line":70,"column":2},"end":{"line":70,"column":50}},{"start":{},"end":{}}],"line":70},"8":{"loc":{"start":{"line":72,"column":2},"end":{"line":74,"column":22}},"type":"cond-expr","locations":[{"start":{"line":73,"column":6},"end":{"line":73,"column":51}},{"start":{"line":74,"column":6},"end":{"line":74,"column":22}}],"line":72},"9":{"loc":{"start":{"line":76,"column":2},"end":{"line":80,"column":41}},"type":"cond-expr","locations":[{"start":{"line":77,"column":6},"end":{"line":79,"column":23}},{"start":{"line":80,"column":6},"end":{"line":80,"column":41}}],"line":76},"10":{"loc":{"start":{"line":77,"column":6},"end":{"line":79,"column":23}},"type":"cond-expr","locations":[{"start":{"line":78,"column":8},"end":{"line":78,"column":43}},{"start":{"line":79,"column":8},"end":{"line":79,"column":23}}],"line":77},"11":{"loc":{"start":{"line":82,"column":2},"end":{"line":86,"column":43}},"type":"cond-expr","locations":[{"start":{"line":83,"column":6},"end":{"line":85,"column":24}},{"start":{"line":86,"column":6},"end":{"line":86,"column":43}}],"line":82},"12":{"loc":{"start":{"line":83,"column":6},"end":{"line":85,"column":24}},"type":"cond-expr","locations":[{"start":{"line":84,"column":8},"end":{"line":84,"column":45}},{"start":{"line":85,"column":8},"end":{"line":85,"column":24}}],"line":83}},"s":{"0":1,"1":1,"2":2,"3":1,"4":1,"5":2,"6":1,"7":1,"8":7,"9":2,"10":2,"11":1,"12":1,"13":2,"14":2,"15":2,"16":1,"17":1,"18":2,"19":2,"20":2,"21":1,"22":1,"23":2,"24":1,"25":1,"26":1,"27":1,"28":1,"29":4,"30":4,"31":1,"32":4,"33":4,"34":1,"35":4,"36":2,"37":4,"38":2,"39":4,"40":4,"41":4},"f":{"0":2,"1":1,"2":7,"3":1,"4":4,"5":4,"6":4},"b":{"0":[1,1],"1":[2,1],"2":[1,2,1,2,1,2,1],"3":[1,1],"4":[1,1],"5":[1,1],"6":[2,2],"7":[2,2],"8":[3,1],"9":[2,2],"10":[0,2],"11":[2,2],"12":[0,2]},"_coverageSchema":"1a1c01bbd47fc00a2c39e90264f33305004495a9","hash":"74d9c722fa382a779181af11793a01d96ca3f92e"}
}
