TN:
SF:src\alphabets.js
FNF:0
FNH:0
DA:1,1
DA:56,1
DA:111,1
LF:3
LH:3
BRF:0
BRH:0
end_of_record
TN:
SF:src\ciphering.js
FN:3,(anonymous_0)
FN:7,(anonymous_1)
FN:11,(anonymous_2)
FN:15,(anonymous_3)
FN:19,(anonymous_4)
FN:23,(anonymous_5)
FN:25,(anonymous_6)
FN:31,(anonymous_7)
FN:35,(anonymous_8)
FN:37,(anonymous_9)
FNF:10
FNH:10
FNDA:3,(anonymous_0)
FNDA:2,(anonymous_1)
FNDA:2,(anonymous_2)
FNDA:2,(anonymous_3)
FNDA:2,(anonymous_4)
FNDA:7,(anonymous_5)
FNDA:498,(anonymous_6)
FNDA:4,(anonymous_7)
FNDA:330,(anonymous_8)
FNDA:2756,(anonymous_9)
DA:3,1
DA:4,3
DA:7,1
DA:8,2
DA:11,1
DA:12,2
DA:15,1
DA:16,2
DA:19,1
DA:20,2
DA:23,1
DA:24,7
DA:25,7
DA:26,498
DA:28,7
DA:31,1
DA:32,4
DA:33,4
DA:36,330
DA:37,2756
DA:40,4
LF:21
LH:21
BRDA:26,0,0,159
BRDA:26,0,1,339
BRDA:36,1,0,104
BRDA:36,1,1,226
BRF:4
BRH:4
end_of_record
TN:
SF:src\custom-streams.js
FN:5,(anonymous_0)
FN:10,(anonymous_1)
FN:11,(anonymous_2)
FN:20,(anonymous_3)
FN:22,(anonymous_4)
FN:30,(anonymous_5)
FN:32,(anonymous_6)
FN:40,(anonymous_7)
FN:46,(anonymous_8)
FN:47,(anonymous_9)
FN:57,(anonymous_10)
FN:61,(anonymous_11)
FN:63,(anonymous_12)
FNF:13
FNH:0
FNDA:0,(anonymous_0)
FNDA:0,(anonymous_1)
FNDA:0,(anonymous_2)
FNDA:0,(anonymous_3)
FNDA:0,(anonymous_4)
FNDA:0,(anonymous_5)
FNDA:0,(anonymous_6)
FNDA:0,(anonymous_7)
FNDA:0,(anonymous_8)
FNDA:0,(anonymous_9)
FNDA:0,(anonymous_10)
FNDA:0,(anonymous_11)
FNDA:0,(anonymous_12)
DA:6,0
DA:7,0
DA:8,0
DA:11,0
DA:12,0
DA:13,0
DA:15,0
DA:16,0
DA:21,0
DA:22,0
DA:23,0
DA:24,0
DA:26,0
DA:31,0
DA:32,0
DA:34,0
DA:41,0
DA:42,0
DA:43,0
DA:47,0
DA:48,0
DA:49,0
DA:51,0
DA:52,0
DA:58,0
DA:62,0
DA:63,0
DA:65,0
LF:28
LH:0
BRDA:12,0,0,0
BRDA:12,0,1,0
BRDA:23,1,0,0
BRDA:23,1,1,0
BRDA:26,2,0,0
BRDA:26,2,1,0
BRDA:31,3,0,0
BRDA:31,3,1,0
BRDA:32,4,0,0
BRDA:32,4,1,0
BRDA:48,5,0,0
BRDA:48,5,1,0
BRDA:62,6,0,0
BRDA:62,6,1,0
BRDA:63,7,0,0
BRDA:63,7,1,0
BRF:16
BRH:0
end_of_record
TN:
SF:src\parser.js
FN:5,(anonymous_0)
FNF:1
FNH:1
FNDA:6,(anonymous_0)
DA:3,1
DA:5,1
DA:7,6
DA:8,6
DA:11,1
DA:12,1
DA:13,1
LF:7
LH:7
BRDA:7,0,0,3
BRDA:7,0,1,3
BRDA:8,1,0,3
BRDA:8,1,1,3
BRF:4
BRH:4
end_of_record
TN:
SF:src\streams.js
FN:11,(anonymous_0)
FN:15,(anonymous_1)
FN:21,(anonymous_2)
FN:23,(anonymous_3)
FN:32,(anonymous_4)
FN:34,(anonymous_5)
FN:43,(anonymous_6)
FN:45,(anonymous_7)
FN:51,(anonymous_8)
FN:54,(anonymous_9)
FN:78,(anonymous_10)
FN:90,(anonymous_11)
FNF:12
FNH:6
FNDA:0,(anonymous_0)
FNDA:0,(anonymous_1)
FNDA:2,(anonymous_2)
FNDA:1,(anonymous_3)
FNDA:1,(anonymous_4)
FNDA:0,(anonymous_5)
FNDA:1,(anonymous_6)
FNDA:0,(anonymous_7)
FNDA:1,(anonymous_8)
FNDA:4,(anonymous_9)
FNDA:0,(anonymous_10)
FNDA:0,(anonymous_11)
DA:11,1
DA:12,0
DA:15,1
DA:16,0
DA:21,1
DA:22,2
DA:25,1
DA:28,1
DA:32,1
DA:33,1
DA:36,0
DA:39,0
DA:43,1
DA:44,1
DA:46,0
DA:47,0
DA:51,1
DA:52,1
DA:53,1
DA:54,1
DA:55,4
DA:57,2
DA:58,2
DA:60,0
DA:61,0
DA:63,0
DA:64,0
DA:66,1
DA:67,1
DA:69,1
DA:70,1
DA:72,0
DA:75,1
DA:78,1
DA:79,0
DA:80,0
DA:84,0
DA:86,0
DA:90,1
DA:91,0
LF:40
LH:24
BRDA:12,0,0,0
BRDA:12,0,1,0
BRDA:16,1,0,0
BRDA:16,1,1,0
BRDA:25,2,0,1
BRDA:25,2,1,0
BRDA:36,3,0,0
BRDA:36,3,1,0
BRDA:55,4,0,2
BRDA:55,4,1,0
BRDA:55,4,2,0
BRDA:55,4,3,1
BRDA:55,4,4,1
BRDA:55,4,5,0
BRDA:79,5,0,0
BRDA:79,5,1,0
BRF:16
BRH:4
end_of_record
TN:
SF:src\validation.js
FN:10,(anonymous_0)
FN:20,(anonymous_1)
FN:21,(anonymous_2)
FN:53,(anonymous_3)
FN:58,(anonymous_4)
FN:63,(anonymous_5)
FN:68,(anonymous_6)
FNF:7
FNH:7
FNDA:2,(anonymous_0)
FNDA:1,(anonymous_1)
FNDA:7,(anonymous_2)
FNDA:1,(anonymous_3)
FNDA:4,(anonymous_4)
FNDA:4,(anonymous_5)
FNDA:4,(anonymous_6)
DA:4,1
DA:10,1
DA:11,2
DA:12,1
DA:15,1
DA:17,2
DA:20,1
DA:21,1
DA:22,7
DA:25,2
DA:26,2
DA:27,1
DA:28,1
DA:30,2
DA:33,2
DA:34,2
DA:35,1
DA:36,1
DA:38,2
DA:41,2
DA:42,2
DA:43,1
DA:44,1
DA:46,2
DA:48,1
DA:53,1
DA:54,1
DA:55,1
DA:58,1
DA:59,4
DA:60,4
DA:63,1
DA:64,4
DA:65,4
DA:68,1
DA:69,4
DA:70,4
DA:72,4
DA:76,4
DA:82,4
LF:40
LH:40
BRDA:11,0,0,1
BRDA:11,0,1,1
BRDA:11,1,0,2
BRDA:11,1,1,1
BRDA:22,2,0,1
BRDA:22,2,1,2
BRDA:22,2,2,1
BRDA:22,2,3,2
BRDA:22,2,4,1
BRDA:22,2,5,2
BRDA:22,2,6,1
BRDA:26,3,0,1
BRDA:26,3,1,1
BRDA:34,4,0,1
BRDA:34,4,1,1
BRDA:42,5,0,1
BRDA:42,5,1,1
BRDA:69,6,0,2
BRDA:69,6,1,2
BRDA:70,7,0,2
BRDA:70,7,1,2
BRDA:72,8,0,3
BRDA:72,8,1,1
BRDA:76,9,0,2
BRDA:76,9,1,2
BRDA:77,10,0,0
BRDA:77,10,1,2
BRDA:82,11,0,2
BRDA:82,11,1,2
BRDA:83,12,0,0
BRDA:83,12,1,2
BRF:31
BRH:29
end_of_record
